Command line:
   tb_motor_isim_beh.exe
     -simmode  gui
     -simrunnum  0
     -socket  59340

Tue Dec 16 00:07:31 2014


 Elaboration Time: 0.1404 sec

 Current Memory Usage: 1159.07 Meg

 Total Signals          : 27
 Total Nets             : 42
 Total Signal Drivers   : 13
 Total Blocks           : 5
 Total Primitive Blocks : 3
 Total Processes        : 19
 Total Traceable Variables  : 33
 Total Scalar Nets and Variables : 327
Total Line Count : 64

 Total Simulation Time: 0.358802 sec

 Current Memory Usage: 687.178 Meg

Tue Dec 16 00:11:08 2014

