Release 14.7 - xst P.20131013 (nt64)
Copyright (c) 1995-2013 Xilinx, Inc.  All rights reserved.
--> Parameter TMPDIR set to xst/projnav.tmp


Total REAL time to Xst completion: 0.00 secs
Total CPU time to Xst completion: 0.22 secs
 
--> Parameter xsthdpdir set to xst


Total REAL time to Xst completion: 0.00 secs
Total CPU time to Xst completion: 0.22 secs
 
--> Reading design: Motor.prj

TABLE OF CONTENTS
  1) Synthesis Options Summary
  2) HDL Compilation
  3) Design Hierarchy Analysis
  4) HDL Analysis
  5) HDL Synthesis
     5.1) HDL Synthesis Report
  6) Advanced HDL Synthesis
     6.1) Advanced HDL Synthesis Report
  7) Low Level Synthesis
  8) Partition Report
  9) Final Report
	9.1) Device utilization summary
	9.2) Partition Resource Summary
	9.3) TIMING REPORT


=========================================================================
*                      Synthesis Options Summary                        *
=========================================================================
---- Source Parameters
Input File Name                    : "Motor.prj"
Input Format                       : mixed
Ignore Synthesis Constraint File   : NO

---- Target Parameters
Output File Name                   : "Motor"
Output Format                      : NGC
Target Device                      : xc3s100e-5-cp132

---- Source Options
Top Module Name                    : Motor
Automatic FSM Extraction           : YES
FSM Encoding Algorithm             : Auto
Safe Implementation                : No
FSM Style                          : LUT
RAM Extraction                     : Yes
RAM Style                          : Auto
ROM Extraction                     : Yes
Mux Style                          : Auto
Decoder Extraction                 : YES
Priority Encoder Extraction        : Yes
Shift Register Extraction          : YES
Logical Shifter Extraction         : YES
XOR Collapsing                     : YES
ROM Style                          : Auto
Mux Extraction                     : Yes
Resource Sharing                   : YES
Asynchronous To Synchronous        : NO
Multiplier Style                   : Auto
Automatic Register Balancing       : No

---- Target Options
Add IO Buffers                     : YES
Global Maximum Fanout              : 500
Add Generic Clock Buffer(BUFG)     : 24
Register Duplication               : YES
Slice Packing                      : YES
Optimize Instantiated Primitives   : NO
Use Clock Enable                   : Yes
Use Synchronous Set                : Yes
Use Synchronous Reset              : Yes
Pack IO Registers into IOBs        : Auto
Equivalent register Removal        : YES

---- General Options
Optimization Goal                  : Speed
Optimization Effort                : 1
Keep Hierarchy                     : No
Netlist Hierarchy                  : As_Optimized
RTL Output                         : Yes
Global Optimization                : AllClockNets
Read Cores                         : YES
Write Timing Constraints           : NO
Cross Clock Analysis               : NO
Hierarchy Separator                : /
Bus Delimiter                      : <>
Case Specifier                     : Maintain
Slice Utilization Ratio            : 100
BRAM Utilization Ratio             : 100
Verilog 2001                       : YES
Auto BRAM Packing                  : NO
Slice Utilization Ratio Delta      : 5

=========================================================================


=========================================================================
*                          HDL Compilation                              *
=========================================================================
Compiling verilog file "Pwm.v" in library work
Module <Pwm> compiled
Module <Motor> compiled
No errors in compilation
Analysis of file <"Motor.prj"> succeeded.
 

=========================================================================
*                     Design Hierarchy Analysis                         *
=========================================================================
Analyzing hierarchy for module <Motor> in library <work> with parameters.
	CLK_DIV = "00000000000011110100001001000000"

Analyzing hierarchy for module <Pwm> in library <work> with parameters.
	CLK_DIV = "00000000000011110100001001000000"


=========================================================================
*                            HDL Analysis                               *
=========================================================================
Analyzing top module <Motor>.
	CLK_DIV = 32'sb00000000000011110100001001000000
Module <Motor> is correct for synthesis.
 
Analyzing module <Pwm> in library <work>.
	CLK_DIV = 32'sb00000000000011110100001001000000
Module <Pwm> is correct for synthesis.
 

=========================================================================
*                           HDL Synthesis                               *
=========================================================================

Performing bidirectional port resolution...

Synthesizing Unit <Pwm>.
    Related source file is "Pwm.v".
    Found 1-bit register for signal <pwm_out>.
    Found 32-bit up counter for signal <clk_div_count_r>.
    Found 8-bit up counter for signal <pwm_compare_r>.
    Found 8-bit comparator less for signal <pwm_out$cmp_lt0000> created at line 40.
    Summary:
	inferred   2 Counter(s).
	inferred   1 D-type flip-flop(s).
	inferred   1 Comparator(s).
Unit <Pwm> synthesized.


Synthesizing Unit <Motor>.
    Related source file is "Pwm.v".
    Found 8-bit register for signal <mminus>.
    Found 8-bit register for signal <mplus>.
    Summary:
	inferred  16 D-type flip-flop(s).
Unit <Motor> synthesized.


=========================================================================
HDL Synthesis Report

Macro Statistics
# Counters                                             : 4
 32-bit up counter                                     : 2
 8-bit up counter                                      : 2
# Registers                                            : 4
 1-bit register                                        : 2
 8-bit register                                        : 2
# Comparators                                          : 2
 8-bit comparator less                                 : 2

=========================================================================

=========================================================================
*                       Advanced HDL Synthesis                          *
=========================================================================


=========================================================================
Advanced HDL Synthesis Report

Macro Statistics
# Counters                                             : 4
 32-bit up counter                                     : 2
 8-bit up counter                                      : 2
# Registers                                            : 18
 Flip-Flops                                            : 18
# Comparators                                          : 2
 8-bit comparator less                                 : 2

=========================================================================

=========================================================================
*                         Low Level Synthesis                           *
=========================================================================

Optimizing unit <Motor> ...

Optimizing unit <Pwm> ...

Mapping all equations...
Building and optimizing final netlist ...
Found area constraint ratio of 100 (+ 5) on block Motor, actual ratio is 7.

Final Macro Processing ...

=========================================================================
Final Register Report

Macro Statistics
# Registers                                            : 98
 Flip-Flops                                            : 98

=========================================================================

=========================================================================
*                           Partition Report                            *
=========================================================================

Partition Implementation Status
-------------------------------

  No Partitions were found in this design.

-------------------------------

=========================================================================
*                            Final Report                               *
=========================================================================
Final Results
RTL Top Level Output File Name     : Motor.ngr
Top Level Output File Name         : Motor
Output Format                      : NGC
Optimization Goal                  : Speed
Keep Hierarchy                     : No

Design Statistics
# IOs                              : 13

Cell Usage :
# BELS                             : 310
#      GND                         : 1
#      INV                         : 6
#      LUT1                        : 76
#      LUT2                        : 22
#      LUT4                        : 16
#      MUXCY                       : 108
#      VCC                         : 1
#      XORCY                       : 80
# FlipFlops/Latches                : 98
#      FDE                         : 2
#      FDR                         : 80
#      FDRE                        : 16
# Clock Buffers                    : 1
#      BUFGP                       : 1
# IO Buffers                       : 12
#      IBUF                        : 10
#      OBUF                        : 2
=========================================================================

Device utilization summary:
---------------------------

Selected Device : 3s100ecp132-5 

 Number of Slices:                       68  out of    960     7%  
 Number of Slice Flip Flops:             98  out of   1920     5%  
 Number of 4 input LUTs:                120  out of   1920     6%  
 Number of IOs:                          13
 Number of bonded IOBs:                  13  out of     83    15%  
 Number of GCLKs:                         1  out of     24     4%  

---------------------------
Partition Resource Summary:
---------------------------

  No Partitions were found in this design.

---------------------------


=========================================================================
TIMING REPORT

NOTE: THESE TIMING NUMBERS ARE ONLY A SYNTHESIS ESTIMATE.
      FOR ACCURATE TIMING INFORMATION PLEASE REFER TO THE TRACE REPORT
      GENERATED AFTER PLACE-and-ROUTE.

Clock Information:
------------------
-----------------------------------+------------------------+-------+
Clock Signal                       | Clock buffer(FF name)  | Load  |
-----------------------------------+------------------------+-------+
clk_in                             | BUFGP                  | 98    |
-----------------------------------+------------------------+-------+

Asynchronous Control Signals Information:
----------------------------------------
No asynchronous control signals found in this design

Timing Summary:
---------------
Speed Grade: -5

   Minimum period: 5.958ns (Maximum Frequency: 167.841MHz)
   Minimum input arrival time before clock: 4.727ns
   Maximum output required time after clock: 4.040ns
   Maximum combinational path delay: No path found

Timing Detail:
--------------
All values displayed in nanoseconds (ns)

=========================================================================
Timing constraint: Default period analysis for Clock 'clk_in'
  Clock period: 5.958ns (frequency: 167.841MHz)
  Total number of paths / destination ports: 3800 / 164
-------------------------------------------------------------------------
Delay:               5.958ns (Levels of Logic = 10)
  Source:            mm/clk_div_count_r_8 (FF)
  Destination:       mm/clk_div_count_r_31 (FF)
  Source Clock:      clk_in rising
  Destination Clock: clk_in rising

  Data Path: mm/clk_div_count_r_8 to mm/clk_div_count_r_31
                                Gate     Net
    Cell:in->out      fanout   Delay   Delay  Logical Name (Net Name)
    ----------------------------------------  ------------
     FDR:C->Q              2   0.514   0.532  mm/clk_div_count_r_8 (mm/clk_div_count_r_8)
     LUT4:I0->O            1   0.612   0.000  mm/pwm_compare_r_cmp_eq0000_wg_lut<0> (mm/pwm_compare_r_cmp_eq0000_wg_lut<0>)
     MUXCY:S->O            1   0.404   0.000  mm/pwm_compare_r_cmp_eq0000_wg_cy<0> (mm/pwm_compare_r_cmp_eq0000_wg_cy<0>)
     MUXCY:CI->O           1   0.052   0.000  mm/pwm_compare_r_cmp_eq0000_wg_cy<1> (mm/pwm_compare_r_cmp_eq0000_wg_cy<1>)
     MUXCY:CI->O           1   0.052   0.000  mm/pwm_compare_r_cmp_eq0000_wg_cy<2> (mm/pwm_compare_r_cmp_eq0000_wg_cy<2>)
     MUXCY:CI->O           1   0.052   0.000  mm/pwm_compare_r_cmp_eq0000_wg_cy<3> (mm/pwm_compare_r_cmp_eq0000_wg_cy<3>)
     MUXCY:CI->O           1   0.052   0.000  mm/pwm_compare_r_cmp_eq0000_wg_cy<4> (mm/pwm_compare_r_cmp_eq0000_wg_cy<4>)
     MUXCY:CI->O           1   0.052   0.000  mm/pwm_compare_r_cmp_eq0000_wg_cy<5> (mm/pwm_compare_r_cmp_eq0000_wg_cy<5>)
     MUXCY:CI->O           1   0.052   0.000  mm/pwm_compare_r_cmp_eq0000_wg_cy<6> (mm/pwm_compare_r_cmp_eq0000_wg_cy<6>)
     MUXCY:CI->O          10   0.289   0.819  mm/pwm_compare_r_cmp_eq0000_wg_cy<7> (mm/pwm_compare_r_cmp_eq0000)
     LUT2:I1->O           32   0.612   1.073  mm/clk_div_count_r_or00001 (mm/clk_div_count_r_or0000)
     FDR:R                     0.795          mm/clk_div_count_r_0
    ----------------------------------------
    Total                      5.958ns (3.535ns logic, 2.424ns route)
                                       (59.3% logic, 40.7% route)

=========================================================================
Timing constraint: Default OFFSET IN BEFORE for Clock 'clk_in'
  Total number of paths / destination ports: 130 / 114
-------------------------------------------------------------------------
Offset:              4.727ns (Levels of Logic = 2)
  Source:            reset_in (PAD)
  Destination:       mm/clk_div_count_r_31 (FF)
  Destination Clock: clk_in rising

  Data Path: reset_in to mm/clk_div_count_r_31
                                Gate     Net
    Cell:in->out      fanout   Delay   Delay  Logical Name (Net Name)
    ----------------------------------------  ------------
     IBUF:I->O            22   1.106   1.141  reset_in_IBUF (reset_in_IBUF)
     LUT2:I0->O           32   0.612   1.073  mp/clk_div_count_r_or00001 (mp/clk_div_count_r_or0000)
     FDR:R                     0.795          mp/clk_div_count_r_0
    ----------------------------------------
    Total                      4.727ns (2.513ns logic, 2.214ns route)
                                       (53.2% logic, 46.8% route)

=========================================================================
Timing constraint: Default OFFSET OUT AFTER for Clock 'clk_in'
  Total number of paths / destination ports: 2 / 2
-------------------------------------------------------------------------
Offset:              4.040ns (Levels of Logic = 1)
  Source:            mp/pwm_out (FF)
  Destination:       motor_plus (PAD)
  Source Clock:      clk_in rising

  Data Path: mp/pwm_out to motor_plus
                                Gate     Net
    Cell:in->out      fanout   Delay   Delay  Logical Name (Net Name)
    ----------------------------------------  ------------
     FDE:C->Q              1   0.514   0.357  mp/pwm_out (mp/pwm_out)
     OBUF:I->O                 3.169          motor_plus_OBUF (motor_plus)
    ----------------------------------------
    Total                      4.040ns (3.683ns logic, 0.357ns route)
                                       (91.2% logic, 8.8% route)

=========================================================================


Total REAL time to Xst completion: 8.00 secs
Total CPU time to Xst completion: 7.88 secs
 
--> 

Total memory usage is 257820 kilobytes

Number of errors   :    0 (   0 filtered)
Number of warnings :    0 (   0 filtered)
Number of infos    :    0 (   0 filtered)

