Release 14.7 - xst P.20131013 (nt64)
Copyright (c) 1995-2013 Xilinx, Inc.  All rights reserved.
--> Parameter TMPDIR set to xst/projnav.tmp


Total REAL time to Xst completion: 0.00 secs
Total CPU time to Xst completion: 0.12 secs
 
--> Parameter xsthdpdir set to xst


Total REAL time to Xst completion: 0.00 secs
Total CPU time to Xst completion: 0.12 secs
 
--> Reading design: Pwm.prj

TABLE OF CONTENTS
  1) Synthesis Options Summary
  2) HDL Compilation
  3) Design Hierarchy Analysis
  4) HDL Analysis
  5) HDL Synthesis
     5.1) HDL Synthesis Report
  6) Advanced HDL Synthesis
     6.1) Advanced HDL Synthesis Report
  7) Low Level Synthesis
  8) Partition Report
  9) Final Report
	9.1) Device utilization summary
	9.2) Partition Resource Summary
	9.3) TIMING REPORT


=========================================================================
*                      Synthesis Options Summary                        *
=========================================================================
---- Source Parameters
Input File Name                    : "Pwm.prj"
Input Format                       : mixed
Ignore Synthesis Constraint File   : NO

---- Target Parameters
Output File Name                   : "Pwm"
Output Format                      : NGC
Target Device                      : xc3s100e-5-cp132

---- Source Options
Top Module Name                    : Pwm
Automatic FSM Extraction           : YES
FSM Encoding Algorithm             : Auto
Safe Implementation                : No
FSM Style                          : LUT
RAM Extraction                     : Yes
RAM Style                          : Auto
ROM Extraction                     : Yes
Mux Style                          : Auto
Decoder Extraction                 : YES
Priority Encoder Extraction        : Yes
Shift Register Extraction          : YES
Logical Shifter Extraction         : YES
XOR Collapsing                     : YES
ROM Style                          : Auto
Mux Extraction                     : Yes
Resource Sharing                   : YES
Asynchronous To Synchronous        : NO
Multiplier Style                   : Auto
Automatic Register Balancing       : No

---- Target Options
Add IO Buffers                     : YES
Global Maximum Fanout              : 500
Add Generic Clock Buffer(BUFG)     : 24
Register Duplication               : YES
Slice Packing                      : YES
Optimize Instantiated Primitives   : NO
Use Clock Enable                   : Yes
Use Synchronous Set                : Yes
Use Synchronous Reset              : Yes
Pack IO Registers into IOBs        : Auto
Equivalent register Removal        : YES

---- General Options
Optimization Goal                  : Speed
Optimization Effort                : 1
Keep Hierarchy                     : No
Netlist Hierarchy                  : As_Optimized
RTL Output                         : Yes
Global Optimization                : AllClockNets
Read Cores                         : YES
Write Timing Constraints           : NO
Cross Clock Analysis               : NO
Hierarchy Separator                : /
Bus Delimiter                      : <>
Case Specifier                     : Maintain
Slice Utilization Ratio            : 100
BRAM Utilization Ratio             : 100
Verilog 2001                       : YES
Auto BRAM Packing                  : NO
Slice Utilization Ratio Delta      : 5

=========================================================================


=========================================================================
*                          HDL Compilation                              *
=========================================================================
Compiling verilog file "Pwm.v" in library work
Module <Pwm> compiled
No errors in compilation
Analysis of file <"Pwm.prj"> succeeded.
 

=========================================================================
*                     Design Hierarchy Analysis                         *
=========================================================================
Analyzing hierarchy for module <Pwm> in library <work> with parameters.
	CLK_DIV = "00000000000011110100001001000000"


=========================================================================
*                            HDL Analysis                               *
=========================================================================
Analyzing top module <Pwm>.
	CLK_DIV = 32'sb00000000000011110100001001000000
Module <Pwm> is correct for synthesis.
 

=========================================================================
*                           HDL Synthesis                               *
=========================================================================

Performing bidirectional port resolution...

Synthesizing Unit <Pwm>.
    Related source file is "Pwm.v".
    Found 1-bit register for signal <pwm_out>.
    Found 32-bit up counter for signal <clk_div_count_r>.
    Found 8-bit up counter for signal <pwm_compare_r>.
    Found 8-bit comparator less for signal <pwm_out$cmp_lt0000> created at line 40.
    Summary:
	inferred   2 Counter(s).
	inferred   1 D-type flip-flop(s).
	inferred   1 Comparator(s).
Unit <Pwm> synthesized.


=========================================================================
HDL Synthesis Report

Macro Statistics
# Counters                                             : 2
 32-bit up counter                                     : 1
 8-bit up counter                                      : 1
# Registers                                            : 1
 1-bit register                                        : 1
# Comparators                                          : 1
 8-bit comparator less                                 : 1

=========================================================================

=========================================================================
*                       Advanced HDL Synthesis                          *
=========================================================================


=========================================================================
Advanced HDL Synthesis Report

Macro Statistics
# Counters                                             : 2
 32-bit up counter                                     : 1
 8-bit up counter                                      : 1
# Registers                                            : 1
 Flip-Flops                                            : 1
# Comparators                                          : 1
 8-bit comparator less                                 : 1

=========================================================================

=========================================================================
*                         Low Level Synthesis                           *
=========================================================================

Optimizing unit <Pwm> ...

Mapping all equations...
Building and optimizing final netlist ...
Found area constraint ratio of 100 (+ 5) on block Pwm, actual ratio is 3.

Final Macro Processing ...

=========================================================================
Final Register Report

Macro Statistics
# Registers                                            : 41
 Flip-Flops                                            : 41

=========================================================================

=========================================================================
*                           Partition Report                            *
=========================================================================

Partition Implementation Status
-------------------------------

  No Partitions were found in this design.

-------------------------------

=========================================================================
*                            Final Report                               *
=========================================================================
Final Results
RTL Top Level Output File Name     : Pwm.ngr
Top Level Output File Name         : Pwm
Output Format                      : NGC
Optimization Goal                  : Speed
Keep Hierarchy                     : No

Design Statistics
# IOs                              : 11

Cell Usage :
# BELS                             : 155
#      GND                         : 1
#      INV                         : 3
#      LUT1                        : 38
#      LUT2                        : 10
#      LUT4                        : 8
#      MUXCY                       : 54
#      VCC                         : 1
#      XORCY                       : 40
# FlipFlops/Latches                : 41
#      FDE                         : 1
#      FDR                         : 32
#      FDRE                        : 8
# Clock Buffers                    : 1
#      BUFGP                       : 1
# IO Buffers                       : 10
#      IBUF                        : 9
#      OBUF                        : 1
=========================================================================

Device utilization summary:
---------------------------

Selected Device : 3s100ecp132-5 

 Number of Slices:                       29  out of    960     3%  
 Number of Slice Flip Flops:             41  out of   1920     2%  
 Number of 4 input LUTs:                 59  out of   1920     3%  
 Number of IOs:                          11
 Number of bonded IOBs:                  11  out of     83    13%  
 Number of GCLKs:                         1  out of     24     4%  

---------------------------
Partition Resource Summary:
---------------------------

  No Partitions were found in this design.

---------------------------


=========================================================================
TIMING REPORT

NOTE: THESE TIMING NUMBERS ARE ONLY A SYNTHESIS ESTIMATE.
      FOR ACCURATE TIMING INFORMATION PLEASE REFER TO THE TRACE REPORT
      GENERATED AFTER PLACE-and-ROUTE.

Clock Information:
------------------
-----------------------------------+------------------------+-------+
Clock Signal                       | Clock buffer(FF name)  | Load  |
-----------------------------------+------------------------+-------+
clk_in                             | BUFGP                  | 41    |
-----------------------------------+------------------------+-------+

Asynchronous Control Signals Information:
----------------------------------------
No asynchronous control signals found in this design

Timing Summary:
---------------
Speed Grade: -5

   Minimum period: 5.958ns (Maximum Frequency: 167.841MHz)
   Minimum input arrival time before clock: 4.851ns
   Maximum output required time after clock: 4.040ns
   Maximum combinational path delay: No path found

Timing Detail:
--------------
All values displayed in nanoseconds (ns)

=========================================================================
Timing constraint: Default period analysis for Clock 'clk_in'
  Clock period: 5.958ns (frequency: 167.841MHz)
  Total number of paths / destination ports: 1892 / 82
-------------------------------------------------------------------------
Delay:               5.958ns (Levels of Logic = 10)
  Source:            clk_div_count_r_8 (FF)
  Destination:       clk_div_count_r_0 (FF)
  Source Clock:      clk_in rising
  Destination Clock: clk_in rising

  Data Path: clk_div_count_r_8 to clk_div_count_r_0
                                Gate     Net
    Cell:in->out      fanout   Delay   Delay  Logical Name (Net Name)
    ----------------------------------------  ------------
     FDR:C->Q              2   0.514   0.532  clk_div_count_r_8 (clk_div_count_r_8)
     LUT4:I0->O            1   0.612   0.000  pwm_compare_r_cmp_eq0000_wg_lut<0> (pwm_compare_r_cmp_eq0000_wg_lut<0>)
     MUXCY:S->O            1   0.404   0.000  pwm_compare_r_cmp_eq0000_wg_cy<0> (pwm_compare_r_cmp_eq0000_wg_cy<0>)
     MUXCY:CI->O           1   0.052   0.000  pwm_compare_r_cmp_eq0000_wg_cy<1> (pwm_compare_r_cmp_eq0000_wg_cy<1>)
     MUXCY:CI->O           1   0.052   0.000  pwm_compare_r_cmp_eq0000_wg_cy<2> (pwm_compare_r_cmp_eq0000_wg_cy<2>)
     MUXCY:CI->O           1   0.052   0.000  pwm_compare_r_cmp_eq0000_wg_cy<3> (pwm_compare_r_cmp_eq0000_wg_cy<3>)
     MUXCY:CI->O           1   0.052   0.000  pwm_compare_r_cmp_eq0000_wg_cy<4> (pwm_compare_r_cmp_eq0000_wg_cy<4>)
     MUXCY:CI->O           1   0.052   0.000  pwm_compare_r_cmp_eq0000_wg_cy<5> (pwm_compare_r_cmp_eq0000_wg_cy<5>)
     MUXCY:CI->O           1   0.052   0.000  pwm_compare_r_cmp_eq0000_wg_cy<6> (pwm_compare_r_cmp_eq0000_wg_cy<6>)
     MUXCY:CI->O          10   0.289   0.819  pwm_compare_r_cmp_eq0000_wg_cy<7> (pwm_compare_r_cmp_eq0000)
     LUT2:I1->O           32   0.612   1.073  clk_div_count_r_or00001 (clk_div_count_r_or0000)
     FDR:R                     0.795          clk_div_count_r_0
    ----------------------------------------
    Total                      5.958ns (3.535ns logic, 2.424ns route)
                                       (59.3% logic, 40.7% route)

=========================================================================
Timing constraint: Default OFFSET IN BEFORE for Clock 'clk_in'
  Total number of paths / destination ports: 49 / 42
-------------------------------------------------------------------------
Offset:              4.851ns (Levels of Logic = 11)
  Source:            duty_cycle_in<0> (PAD)
  Destination:       pwm_out (FF)
  Destination Clock: clk_in rising

  Data Path: duty_cycle_in<0> to pwm_out
                                Gate     Net
    Cell:in->out      fanout   Delay   Delay  Logical Name (Net Name)
    ----------------------------------------  ------------
     IBUF:I->O             1   1.106   0.426  duty_cycle_in_0_IBUF (duty_cycle_in_0_IBUF)
     LUT2:I1->O            1   0.612   0.000  Mcompar_pwm_out_cmp_lt0000_lut<0> (Mcompar_pwm_out_cmp_lt0000_lut<0>)
     MUXCY:S->O            1   0.404   0.000  Mcompar_pwm_out_cmp_lt0000_cy<0> (Mcompar_pwm_out_cmp_lt0000_cy<0>)
     MUXCY:CI->O           1   0.052   0.000  Mcompar_pwm_out_cmp_lt0000_cy<1> (Mcompar_pwm_out_cmp_lt0000_cy<1>)
     MUXCY:CI->O           1   0.052   0.000  Mcompar_pwm_out_cmp_lt0000_cy<2> (Mcompar_pwm_out_cmp_lt0000_cy<2>)
     MUXCY:CI->O           1   0.052   0.000  Mcompar_pwm_out_cmp_lt0000_cy<3> (Mcompar_pwm_out_cmp_lt0000_cy<3>)
     MUXCY:CI->O           1   0.052   0.000  Mcompar_pwm_out_cmp_lt0000_cy<4> (Mcompar_pwm_out_cmp_lt0000_cy<4>)
     MUXCY:CI->O           1   0.052   0.000  Mcompar_pwm_out_cmp_lt0000_cy<5> (Mcompar_pwm_out_cmp_lt0000_cy<5>)
     MUXCY:CI->O           1   0.052   0.000  Mcompar_pwm_out_cmp_lt0000_cy<6> (Mcompar_pwm_out_cmp_lt0000_cy<6>)
     MUXCY:CI->O           1   0.400   0.357  Mcompar_pwm_out_cmp_lt0000_cy<7> (Mcompar_pwm_out_cmp_lt0000_cy<7>)
     INV:I->O              1   0.612   0.357  Mcompar_pwm_out_cmp_lt0000_cy<7>_inv_INV_0 (pwm_out_cmp_lt0000)
     FDE:D                     0.268          pwm_out
    ----------------------------------------
    Total                      4.851ns (3.711ns logic, 1.140ns route)
                                       (76.5% logic, 23.5% route)

=========================================================================
Timing constraint: Default OFFSET OUT AFTER for Clock 'clk_in'
  Total number of paths / destination ports: 1 / 1
-------------------------------------------------------------------------
Offset:              4.040ns (Levels of Logic = 1)
  Source:            pwm_out (FF)
  Destination:       pwm_out (PAD)
  Source Clock:      clk_in rising

  Data Path: pwm_out to pwm_out
                                Gate     Net
    Cell:in->out      fanout   Delay   Delay  Logical Name (Net Name)
    ----------------------------------------  ------------
     FDE:C->Q              1   0.514   0.357  pwm_out (pwm_out_OBUF)
     OBUF:I->O                 3.169          pwm_out_OBUF (pwm_out)
    ----------------------------------------
    Total                      4.040ns (3.683ns logic, 0.357ns route)
                                       (91.2% logic, 8.8% route)

=========================================================================


Total REAL time to Xst completion: 5.00 secs
Total CPU time to Xst completion: 5.26 secs
 
--> 

Total memory usage is 256796 kilobytes

Number of errors   :    0 (   0 filtered)
Number of warnings :    0 (   0 filtered)
Number of infos    :    0 (   0 filtered)

