
****** PlanAhead v14.7 (64-bit)
  **** Build 321239 by xbuild on Fri Sep 27 19:29:51 MDT 2013
    ** Copyright 1986-1999, 2001-2013 Xilinx, Inc. All Rights Reserved.

INFO: [Common 17-78] Attempting to get a license: PlanAhead
INFO: [Common 17-290] Got license for PlanAhead
INFO: [Device 21-36] Loading parts and site information from C:/Xilinx/14.7/ISE_DS/PlanAhead/data/parts/arch.xml
Parsing RTL primitives file [C:/Xilinx/14.7/ISE_DS/PlanAhead/data/parts/xilinx/rtl/prims/rtl_prims.xml]
Finished parsing RTL primitives file [C:/Xilinx/14.7/ISE_DS/PlanAhead/data/parts/xilinx/rtl/prims/rtl_prims.xml]
start_gui
source C:/Users/jjshawver/Documents/DHD/RTL/graduate_rc_car/pa.fromHdl.tcl
# create_project -name graduate_rc_car -dir "C:/Users/jjshawver/Documents/DHD/RTL/graduate_rc_car/planAhead_run_1" -part xc3s100ecp132-5
# set_param project.pinAheadLayout yes
# set srcset [get_property srcset [current_run -impl]]
# set_property target_constrs_file "rc_car_top.ucf" [current_fileset -constrset]
Adding file 'C:/Users/jjshawver/Documents/DHD/RTL/graduate_rc_car/rc_car_top.ucf' to fileset 'constrs_1'
# set hdlfile [add_files [list {uart.v}]]
# set_property file_type Verilog $hdlfile
# set_property library work $hdlfile
# set hdlfile [add_files [list {Pwm.v}]]
# set_property file_type Verilog $hdlfile
# set_property library work $hdlfile
# set hdlfile [add_files [list {rc_car_top.v}]]
# set_property file_type Verilog $hdlfile
# set_property library work $hdlfile
# set_property top rc_car_top $srcset
# add_files [list {rc_car_top.ucf}] -fileset [get_property constrset [current_run]]
# open_rtl_design -part xc3s100ecp132-5
Using Verific elaboration
Parsing VHDL file "C:/Xilinx/14.7/ISE_DS/PlanAhead/data/parts/xilinx/rtl/lib/synplify/synattr.vhd" into library synplify
Analyzing Verilog file "C:/Users/jjshawver/Documents/DHD/RTL/graduate_rc_car/uart.v" into library work
Analyzing Verilog file "C:/Users/jjshawver/Documents/DHD/RTL/graduate_rc_car/Pwm.v" into library work
Analyzing Verilog file "C:/Users/jjshawver/Documents/DHD/RTL/graduate_rc_car/rc_car_top.v" into library work
INFO: [Designutils 20-910] Reading macro library C:/Xilinx/14.7/ISE_DS/PlanAhead/data\./parts/xilinx/spartan3e/spartan3e/hd_int_macros.edn
Parsing EDIF File [C:/Xilinx/14.7/ISE_DS/PlanAhead/data\./parts/xilinx/spartan3e/spartan3e/hd_int_macros.edn]
Finished Parsing EDIF File [C:/Xilinx/14.7/ISE_DS/PlanAhead/data\./parts/xilinx/spartan3e/spartan3e/hd_int_macros.edn]
Loading clock regions from C:/Xilinx/14.7/ISE_DS/PlanAhead/data\parts/xilinx/spartan3e/spartan3e/xc3s100e/ClockRegion.xml
Loading clock buffers from C:/Xilinx/14.7/ISE_DS/PlanAhead/data\parts/xilinx/spartan3e/spartan3e/xc3s100e/ClockBuffers.xml
Loading package from C:/Xilinx/14.7/ISE_DS/PlanAhead/data\parts/xilinx/spartan3e/spartan3e/xc3s100e/cp132/Package.xml
Loading io standards from C:/Xilinx/14.7/ISE_DS/PlanAhead/data\./parts/xilinx/spartan3e/IOStandards.xml
INFO: [Device 21-19] Loading pkg sso from C:/Xilinx/14.7/ISE_DS/PlanAhead/data\parts/xilinx/spartan3e/spartan3e/xc3s100e/cp132/SSORules.xml
Loading list of drcs for the architecture : C:/Xilinx/14.7/ISE_DS/PlanAhead/data\./parts/xilinx/spartan3e/spartan3e/drc.xml
INFO: [Timing 38-77] Reading timing library C:/Xilinx/14.7/ISE_DS/PlanAhead/data\parts/xilinx/spartan3e/spartan3e/spartan3e-5.lib.
INFO: [Timing 38-34] Done reading timing library C:/Xilinx/14.7/ISE_DS/PlanAhead/data\parts/xilinx/spartan3e/spartan3e/spartan3e-5.lib.
Parsing UCF File [C:/Users/jjshawver/Documents/DHD/RTL/graduate_rc_car/rc_car_top.ucf]
Finished Parsing UCF File [C:/Users/jjshawver/Documents/DHD/RTL/graduate_rc_car/rc_car_top.ucf]
INFO: [Project 1-111] Unisim Transformation Summary:
No Unisim elements were transformed.

Phase 0 | Netlist Checksum: 8e7f5332
open_rtl_design: Time (s): elapsed = 00:00:09 . Memory (MB): peak = 550.113 ; gain = 107.234
update_compile_order -fileset sim_1
set_property iostandard LVCMOS33 [get_ports [list {uart_data[7]} {uart_data[6]} {uart_data[5]} {uart_data[4]} {uart_data[3]} {uart_data[2]} {uart_data[1]} {uart_data[0]}]]
startgroup
set_property package_pin G1 [get_ports {uart_data[7]}]
endgroup
startgroup
set_property package_pin P4 [get_ports {uart_data[6]}]
endgroup
startgroup
set_property package_pin N4 [get_ports {uart_data[6]}]
endgroup
startgroup
set_property package_pin P4 [get_ports {uart_data[6]}]
endgroup
startgroup
set_property package_pin N4 [get_ports {uart_data[5]}]
endgroup
startgroup
set_property package_pin N5 [get_ports {uart_data[4]}]
endgroup
startgroup
set_property package_pin P6 [get_ports {uart_data[3]}]
endgroup
startgroup
set_property package_pin P7 [get_ports {uart_data[2]}]
endgroup
startgroup
set_property package_pin M11 [get_ports {uart_data[1]}]
endgroup
startgroup
set_property package_pin M5 [get_ports {uart_data[0]}]
endgroup
set_property iostandard LVCMOS33 [get_ports [list clk_in]]
set_property iostandard LVCMOS33 [get_ports [list enable_in]]
set_property iostandard LVCMOS33 [get_ports [list m1_minus]]
set_property iostandard LVCMOS33 [get_ports [list m1_plus]]
set_property iostandard LVCMOS33 [get_ports [list m2_minus]]
set_property iostandard LVCMOS33 [get_ports [list m2_plus]]
set_property iostandard LVCMOS33 [get_ports [list read_in]]
set_property iostandard LVCMOS33 [get_ports [list reset_in]]
save_constraints
set_property iostandard LVCMOS33 [get_ports [list uart_rx]]
startgroup
set_property package_pin B5 [get_ports uart_rx]
endgroup
startgroup
set_property package_pin N3 [get_ports reset_in]
endgroup
startgroup
set_property package_pin E2 [get_ports read_in]
endgroup
startgroup
set_property package_pin C6 [get_ports m2_plus]
endgroup
startgroup
set_property package_pin P11 [get_ports enable_in]
endgroup
startgroup
set_property package_pin B8 [get_ports clk_in]
endgroup
startgroup
set_property package_pin B7 [get_ports m1_minus]
endgroup
startgroup
set_property package_pin C5 [get_ports m1_plus]
endgroup
startgroup
set_property package_pin B6 [get_ports m2_minus]
endgroup
save_constraints
exit
ERROR: [Common 17-39] 'stop_gui' failed due to earlier errors.
INFO: [Common 17-206] Exiting PlanAhead at Mon Dec 15 19:33:02 2014...
INFO: [Common 17-83] Releasing license: PlanAhead
