Command line:
   tb_motor_control_isim_beh.exe
     -simmode  gui
     -simrunnum  0
     -socket  59378

Tue Dec 16 00:12:43 2014


 Elaboration Time: 0.140401 sec

 Current Memory Usage: 1321.6 Meg

 Total Signals          : 20
 Total Nets             : 41
 Total Signal Drivers   : 12
 Total Blocks           : 3
 Total Primitive Blocks : 2
 Total Processes        : 16
 Total Traceable Variables  : 32
 Total Scalar Nets and Variables : 200
Total Line Count : 57
Total Line Count : 57

 Total Simulation Time: 2.77682 sec

 Current Memory Usage: 692.421 Meg

Tue Dec 16 00:21:27 2014

